<?xml version="1.0" encoding="UTF-8"?>
<!-- Generated by org.testng.reporters.JUnitReportReporter -->
<testsuite hostname="BadurReza" failures="0" tests="1" name="com.qa.fifa.Search_Test" time="7.452" errors="0" timestamp="2022-12-04T23:00:26 BDT" skipped="0">
  <testcase classname="com.qa.fifa.Search_Test" name="validateSearch" time="7.452"/>
  <system-out/>
</testsuite> <!-- com.qa.fifa.Search_Test -->
